2025-08-25 14:58:24,436 INFO Searching for videos related to Ancient Bliss
2025-08-25 14:58:25,788 INFO Found 20 potential videos
2025-08-25 14:58:25,788 INFO Processing video 1/20: https://www.youtube.com/watch?v=Y9IemFXtbgE
2025-08-25 14:58:25,788 INFO Video not brand-related or failed to process
2025-08-25 14:58:25,788 INFO Processing video 2/20: https://www.youtube.com/watch?v=id3mdaazHRI
2025-08-25 14:58:25,788 INFO Video not brand-related or failed to process
2025-08-25 14:58:25,788 INFO Processing video 3/20: https://www.youtube.com/watch?v=TggjRG6JNXY
2025-08-25 14:58:25,788 INFO Video not brand-related or failed to process
2025-08-25 14:58:25,788 INFO Processing video 4/20: https://www.youtube.com/watch?v=-ontfU0bDKY
2025-08-25 14:58:25,803 INFO Video not brand-related or failed to process
2025-08-25 14:58:25,803 INFO Processing video 5/20: https://www.youtube.com/watch?v=8FtPD88h8hk
2025-08-25 14:58:25,803 INFO Video not brand-related or failed to process
2025-08-25 14:58:25,803 INFO Processing video 6/20: https://www.youtube.com/watch?v=OlXJJLiW05c
2025-08-25 14:58:25,803 INFO Video not brand-related or failed to process
2025-08-25 14:58:25,803 INFO Processing video 7/20: https://www.youtube.com/watch?v=-y8uwL_Nt80
2025-08-25 14:58:25,803 INFO Video not brand-related or failed to process
2025-08-25 14:58:25,803 INFO Processing video 8/20: https://www.youtube.com/watch?v=aolpvw3JH1E
2025-08-25 14:58:25,803 INFO Video not brand-related or failed to process
2025-08-25 14:58:25,803 INFO Processing video 9/20: https://www.youtube.com/watch?v=ckPMC1s9h_U
2025-08-25 14:58:25,803 INFO Video not brand-related or failed to process
2025-08-25 14:58:25,803 INFO Processing video 10/20: https://www.youtube.com/watch?v=W3iDVXSbaDU
2025-08-25 14:58:25,803 INFO Video not brand-related or failed to process
2025-08-25 14:58:25,803 INFO Processing video 11/20: https://www.youtube.com/watch?v=RWJsolvuRwI
2025-08-25 14:58:25,803 INFO Video not brand-related or failed to process
2025-08-25 14:58:25,803 INFO Processing video 12/20: https://www.youtube.com/watch?v=I4381CHWXj4
2025-08-25 14:58:25,817 INFO Video not brand-related or failed to process
2025-08-25 14:58:25,818 INFO Processing video 13/20: https://www.youtube.com/watch?v=v4mFFRw2n1I
2025-08-25 14:58:25,819 INFO Video not brand-related or failed to process
2025-08-25 14:58:25,821 INFO Processing video 14/20: https://www.youtube.com/watch?v=onLMOvFGHdY
2025-08-25 14:58:25,823 INFO Video not brand-related or failed to process
2025-08-25 14:58:25,824 INFO Processing video 15/20: https://www.youtube.com/watch?v=GVal6pjxPzU
2025-08-25 14:58:25,827 INFO Video not brand-related or failed to process
2025-08-25 14:58:25,828 INFO Processing video 16/20: https://www.youtube.com/watch?v=PEoPwJk-RU8
2025-08-25 14:58:25,829 INFO Video not brand-related or failed to process
2025-08-25 14:58:25,829 INFO Processing video 17/20: https://www.youtube.com/watch?v=0tsvoQuqmys
2025-08-25 14:58:25,830 INFO Video not brand-related or failed to process
2025-08-25 14:58:25,831 INFO Processing video 18/20: https://www.youtube.com/watch?v=F_S4-2WPWlE
2025-08-25 14:58:25,832 INFO Video not brand-related or failed to process
2025-08-25 14:58:25,833 INFO Processing video 19/20: https://www.youtube.com/watch?v=nuPfjN50m0c
2025-08-25 14:58:25,833 INFO Video not brand-related or failed to process
2025-08-25 14:58:25,834 INFO Processing video 20/20: https://www.youtube.com/watch?v=Q1Fc3pewH0s
2025-08-25 14:58:25,834 INFO Video not brand-related or failed to process
2025-08-25 14:58:25,835 INFO Processing completed
2025-08-25 15:02:14,729 INFO Searching for videos related to Ancient Bliss
2025-08-25 15:02:16,057 INFO Found 20 potential videos
2025-08-25 15:02:16,057 INFO Processing video 1/20: https://www.youtube.com/watch?v=Y9IemFXtbgE
2025-08-25 15:02:16,057 INFO Video not brand-related or failed to process
2025-08-25 15:02:16,074 INFO Processing video 2/20: https://www.youtube.com/watch?v=id3mdaazHRI
2025-08-25 15:02:16,074 INFO Video not brand-related or failed to process
2025-08-25 15:02:16,074 INFO Processing video 3/20: https://www.youtube.com/watch?v=TggjRG6JNXY
2025-08-25 15:02:16,084 INFO Video not brand-related or failed to process
2025-08-25 15:02:16,090 INFO Processing video 4/20: https://www.youtube.com/watch?v=-ontfU0bDKY
2025-08-25 15:02:16,091 INFO Video not brand-related or failed to process
2025-08-25 15:02:16,092 INFO Processing video 5/20: https://www.youtube.com/watch?v=8FtPD88h8hk
2025-08-25 15:02:16,099 INFO Video not brand-related or failed to process
2025-08-25 15:02:16,100 INFO Processing video 6/20: https://www.youtube.com/watch?v=OlXJJLiW05c
2025-08-25 15:02:16,100 INFO Video not brand-related or failed to process
2025-08-25 15:02:16,105 INFO Processing video 7/20: https://www.youtube.com/watch?v=-y8uwL_Nt80
2025-08-25 15:02:16,106 INFO Video not brand-related or failed to process
2025-08-25 15:02:16,106 INFO Processing video 8/20: https://www.youtube.com/watch?v=aolpvw3JH1E
2025-08-25 15:02:16,108 INFO Video not brand-related or failed to process
2025-08-25 15:02:16,108 INFO Processing video 9/20: https://www.youtube.com/watch?v=ckPMC1s9h_U
2025-08-25 15:02:16,109 INFO Video not brand-related or failed to process
2025-08-25 15:02:16,109 INFO Processing video 10/20: https://www.youtube.com/watch?v=W3iDVXSbaDU
2025-08-25 15:02:16,112 INFO Video not brand-related or failed to process
2025-08-25 15:02:16,112 INFO Processing video 11/20: https://www.youtube.com/watch?v=RWJsolvuRwI
2025-08-25 15:02:16,113 INFO Video not brand-related or failed to process
2025-08-25 15:02:16,113 INFO Processing video 12/20: https://www.youtube.com/watch?v=I4381CHWXj4
2025-08-25 15:02:16,113 INFO Video not brand-related or failed to process
2025-08-25 15:02:16,114 INFO Processing video 13/20: https://www.youtube.com/watch?v=v4mFFRw2n1I
2025-08-25 15:02:16,114 INFO Video not brand-related or failed to process
2025-08-25 15:02:16,116 INFO Processing video 14/20: https://www.youtube.com/watch?v=onLMOvFGHdY
2025-08-25 15:02:16,121 INFO Video not brand-related or failed to process
2025-08-25 15:02:16,121 INFO Processing video 15/20: https://www.youtube.com/watch?v=GVal6pjxPzU
2025-08-25 15:02:16,122 INFO Video not brand-related or failed to process
2025-08-25 15:02:16,123 INFO Processing video 16/20: https://www.youtube.com/watch?v=PEoPwJk-RU8
2025-08-25 15:02:16,123 INFO Video not brand-related or failed to process
2025-08-25 15:02:16,123 INFO Processing video 17/20: https://www.youtube.com/watch?v=0tsvoQuqmys
2025-08-25 15:02:16,124 INFO Video not brand-related or failed to process
2025-08-25 15:02:16,125 INFO Processing video 18/20: https://www.youtube.com/watch?v=F_S4-2WPWlE
2025-08-25 15:02:16,125 INFO Video not brand-related or failed to process
2025-08-25 15:02:16,125 INFO Processing video 19/20: https://www.youtube.com/watch?v=nuPfjN50m0c
2025-08-25 15:02:16,127 INFO Video not brand-related or failed to process
2025-08-25 15:02:16,128 INFO Processing video 20/20: https://www.youtube.com/watch?v=Q1Fc3pewH0s
2025-08-25 15:02:16,129 INFO Video not brand-related or failed to process
2025-08-25 15:02:16,129 INFO Processing completed
2025-08-25 15:05:28,181 INFO Searching for videos related to Ancient Bliss
2025-08-25 15:05:29,417 INFO Found 20 potential videos
2025-08-25 15:05:29,417 INFO Processing video 1/20: https://www.youtube.com/watch?v=Y9IemFXtbgE
2025-08-25 15:05:42,276 INFO Video not brand-related or failed to process
2025-08-25 15:05:42,276 INFO Processing video 2/20: https://www.youtube.com/watch?v=id3mdaazHRI
2025-08-25 15:05:52,543 INFO Video not brand-related or failed to process
2025-08-25 15:05:52,543 INFO Processing video 3/20: https://www.youtube.com/watch?v=TggjRG6JNXY
2025-08-25 15:06:01,087 INFO Video not brand-related or failed to process
2025-08-25 15:06:01,087 INFO Processing video 4/20: https://www.youtube.com/watch?v=-ontfU0bDKY
2025-08-25 15:06:11,618 INFO Video not brand-related or failed to process
2025-08-25 15:06:11,618 INFO Processing video 5/20: https://www.youtube.com/watch?v=8FtPD88h8hk
2025-08-25 15:06:28,916 INFO Video not brand-related or failed to process
2025-08-25 15:06:28,916 INFO Processing video 6/20: https://www.youtube.com/watch?v=OlXJJLiW05c
2025-08-25 15:06:39,808 INFO Video not brand-related or failed to process
2025-08-25 15:06:39,808 INFO Processing video 7/20: https://www.youtube.com/watch?v=-y8uwL_Nt80
2025-08-25 15:06:47,369 INFO Video not brand-related or failed to process
2025-08-25 15:06:47,369 INFO Processing video 8/20: https://www.youtube.com/watch?v=aolpvw3JH1E
2025-08-25 15:07:05,057 INFO Video not brand-related or failed to process
2025-08-25 15:07:05,057 INFO Processing video 9/20: https://www.youtube.com/watch?v=ckPMC1s9h_U
2025-08-25 15:07:27,172 INFO Video not brand-related or failed to process
2025-08-25 15:07:27,172 INFO Processing video 10/20: https://www.youtube.com/watch?v=W3iDVXSbaDU
2025-08-25 15:07:40,946 INFO Video not brand-related or failed to process
2025-08-25 15:07:40,946 INFO Processing video 11/20: https://www.youtube.com/watch?v=RWJsolvuRwI
2025-08-25 15:07:49,964 INFO Video not brand-related or failed to process
2025-08-25 15:07:49,964 INFO Processing video 12/20: https://www.youtube.com/watch?v=I4381CHWXj4
2025-08-25 15:08:07,292 INFO Video not brand-related or failed to process
2025-08-25 15:08:07,292 INFO Processing video 13/20: https://www.youtube.com/watch?v=v4mFFRw2n1I
2025-08-25 15:08:17,901 INFO Video not brand-related or failed to process
2025-08-25 15:08:17,901 INFO Processing video 14/20: https://www.youtube.com/watch?v=onLMOvFGHdY
2025-08-25 15:08:25,182 INFO Video not brand-related or failed to process
2025-08-25 15:08:25,182 INFO Processing video 15/20: https://www.youtube.com/watch?v=GVal6pjxPzU
2025-08-25 15:08:31,573 INFO Video not brand-related or failed to process
2025-08-25 15:08:31,573 INFO Processing video 16/20: https://www.youtube.com/watch?v=PEoPwJk-RU8
2025-08-25 15:08:46,855 INFO Video not brand-related or failed to process
2025-08-25 15:08:46,855 INFO Processing video 17/20: https://www.youtube.com/watch?v=0tsvoQuqmys
2025-08-25 15:09:02,987 INFO Video not brand-related or failed to process
2025-08-25 15:09:02,987 INFO Processing video 18/20: https://www.youtube.com/watch?v=F_S4-2WPWlE
2025-08-25 15:09:15,901 INFO Video not brand-related or failed to process
2025-08-25 15:09:15,901 INFO Processing video 19/20: https://www.youtube.com/watch?v=nuPfjN50m0c
2025-08-25 15:09:25,595 INFO Video not brand-related or failed to process
2025-08-25 15:09:25,595 INFO Processing video 20/20: https://www.youtube.com/watch?v=Q1Fc3pewH0s
2025-08-25 15:09:32,542 INFO Video not brand-related or failed to process
2025-08-25 15:09:32,542 INFO Processing completed
2025-08-25 15:26:10,821 INFO Searching for videos related to Ancient Bliss
2025-08-25 15:26:12,548 INFO Found 20 potential videos
2025-08-25 15:26:12,548 INFO Processing video 1/20: https://www.youtube.com/watch?v=Y9IemFXtbgE
2025-08-25 15:26:31,353 INFO Video not brand-related or failed to process
2025-08-25 15:26:31,353 INFO Processing video 2/20: https://www.youtube.com/watch?v=id3mdaazHRI
2025-08-25 15:26:44,205 INFO Video not brand-related or failed to process
2025-08-25 15:26:44,206 INFO Processing video 3/20: https://www.youtube.com/watch?v=TggjRG6JNXY
2025-08-25 15:26:56,120 INFO Video not brand-related or failed to process
2025-08-25 15:26:56,123 INFO Processing video 4/20: https://www.youtube.com/watch?v=-ontfU0bDKY
2025-08-25 15:27:09,779 INFO Video not brand-related or failed to process
2025-08-25 15:27:09,779 INFO Processing video 5/20: https://www.youtube.com/watch?v=8FtPD88h8hk
2025-08-25 15:27:45,581 INFO Video not brand-related or failed to process
2025-08-25 15:27:45,581 INFO Processing video 6/20: https://www.youtube.com/watch?v=OlXJJLiW05c
2025-08-25 15:28:05,955 INFO Video not brand-related or failed to process
2025-08-25 15:28:05,955 INFO Processing video 7/20: https://www.youtube.com/watch?v=-y8uwL_Nt80
2025-08-25 15:28:18,157 INFO Video not brand-related or failed to process
2025-08-25 15:28:18,159 INFO Processing video 8/20: https://www.youtube.com/watch?v=aolpvw3JH1E
2025-08-25 15:28:48,035 INFO Video not brand-related or failed to process
2025-08-25 15:28:48,035 INFO Processing video 9/20: https://www.youtube.com/watch?v=ckPMC1s9h_U
2025-08-25 15:29:15,918 INFO Video not brand-related or failed to process
2025-08-25 15:29:15,918 INFO Processing video 10/20: https://www.youtube.com/watch?v=W3iDVXSbaDU
2025-08-25 15:29:45,144 INFO Video not brand-related or failed to process
2025-08-25 15:29:45,148 INFO Processing video 11/20: https://www.youtube.com/watch?v=RWJsolvuRwI
2025-08-25 15:29:58,103 INFO Video not brand-related or failed to process
2025-08-25 15:29:58,103 INFO Processing video 12/20: https://www.youtube.com/watch?v=I4381CHWXj4
2025-08-25 15:30:24,726 INFO Video not brand-related or failed to process
2025-08-25 15:30:24,726 INFO Processing video 13/20: https://www.youtube.com/watch?v=v4mFFRw2n1I
2025-08-25 15:30:41,098 INFO Video not brand-related or failed to process
2025-08-25 15:30:41,099 INFO Processing video 14/20: https://www.youtube.com/watch?v=onLMOvFGHdY
2025-08-25 15:30:53,990 INFO Video not brand-related or failed to process
2025-08-25 15:30:53,990 INFO Processing video 15/20: https://www.youtube.com/watch?v=GVal6pjxPzU
2025-08-25 15:31:12,354 INFO Video not brand-related or failed to process
2025-08-25 15:31:12,355 INFO Processing video 16/20: https://www.youtube.com/watch?v=PEoPwJk-RU8
2025-08-25 15:31:45,094 INFO Video not brand-related or failed to process
2025-08-25 15:31:45,094 INFO Processing video 17/20: https://www.youtube.com/watch?v=0tsvoQuqmys
2025-08-25 15:32:19,114 INFO Searching for videos related to Ancient Bliss
2025-08-25 15:32:20,597 INFO Found 20 potential videos
2025-08-25 15:32:20,597 INFO Processing video 1/20: https://www.youtube.com/watch?v=Y9IemFXtbgE
2025-08-25 15:32:31,259 INFO Video not brand-related or failed to process
2025-08-25 15:32:31,260 INFO Processing video 2/20: https://www.youtube.com/watch?v=id3mdaazHRI
2025-08-25 15:32:39,748 INFO Video not brand-related or failed to process
2025-08-25 15:32:39,749 INFO Processing video 3/20: https://www.youtube.com/watch?v=TggjRG6JNXY
2025-08-25 15:33:31,415 INFO Searching for videos related to Ancient Bliss
2025-08-25 15:33:33,339 INFO Found 20 potential videos
2025-08-25 15:33:33,348 INFO Processing video 1/20: https://www.youtube.com/watch?v=Y9IemFXtbgE
2025-08-25 15:33:56,972 INFO Video not brand-related or failed to process
2025-08-25 15:33:56,972 INFO Processing video 2/20: https://www.youtube.com/watch?v=id3mdaazHRI
2025-08-25 15:34:06,332 INFO Video not brand-related or failed to process
2025-08-25 15:34:06,333 INFO Processing video 3/20: https://www.youtube.com/watch?v=TggjRG6JNXY
2025-08-25 15:46:56,702 INFO Searching for videos related to Ancient Bliss
2025-08-25 15:46:58,122 INFO Found 20 potential videos
2025-08-25 15:46:58,122 INFO Processing video 1/20: https://www.youtube.com/watch?v=Y9IemFXtbgE
2025-08-25 15:47:12,023 INFO Video not brand-related or failed to process
2025-08-25 15:47:12,023 INFO Processing video 2/20: https://www.youtube.com/watch?v=id3mdaazHRI
2025-08-25 15:47:33,537 INFO Video not brand-related or failed to process
2025-08-25 15:47:33,541 INFO Processing video 3/20: https://www.youtube.com/watch?v=TggjRG6JNXY
2025-08-25 15:47:49,276 INFO Video not brand-related or failed to process
2025-08-25 15:47:49,284 INFO Processing video 4/20: https://www.youtube.com/watch?v=-ontfU0bDKY
2025-08-25 15:49:10,412 INFO Searching for videos related to Ancient Bliss
2025-08-25 15:49:13,737 INFO Found 20 potential videos
2025-08-25 15:49:13,742 INFO Processing video 1/20: https://www.youtube.com/watch?v=Y9IemFXtbgE
2025-08-25 15:49:31,712 INFO Video not brand-related or failed to process
2025-08-25 15:49:31,712 INFO Processing video 2/20: https://www.youtube.com/watch?v=id3mdaazHRI
2025-08-25 15:49:41,895 INFO Video not brand-related or failed to process
2025-08-25 15:49:41,895 INFO Processing video 3/20: https://www.youtube.com/watch?v=TggjRG6JNXY
2025-08-25 15:49:53,554 INFO Video not brand-related or failed to process
2025-08-25 15:49:53,554 INFO Processing video 4/20: https://www.youtube.com/watch?v=-ontfU0bDKY
2025-08-25 15:50:09,824 INFO Video not brand-related or failed to process
2025-08-25 15:50:09,824 INFO Processing video 5/20: https://www.youtube.com/watch?v=8FtPD88h8hk
2025-08-25 15:50:47,470 ERROR Error processing video https://www.youtube.com/watch?v=8FtPD88h8hk: unsupported operand type(s) for |: 'ImageHash' and 'ImageHash'
2025-08-25 15:50:47,470 INFO Processing video 6/20: https://www.youtube.com/watch?v=OlXJJLiW05c
2025-08-25 15:50:56,505 INFO Video not brand-related or failed to process
2025-08-25 15:50:56,505 INFO Processing video 7/20: https://www.youtube.com/watch?v=-y8uwL_Nt80
2025-08-25 15:51:06,001 INFO Video not brand-related or failed to process
2025-08-25 15:51:06,017 INFO Processing video 8/20: https://www.youtube.com/watch?v=aolpvw3JH1E
2025-08-25 15:51:32,818 ERROR Error processing video https://www.youtube.com/watch?v=aolpvw3JH1E: unsupported operand type(s) for |: 'ImageHash' and 'ImageHash'
2025-08-25 15:51:32,818 INFO Processing video 9/20: https://www.youtube.com/watch?v=ckPMC1s9h_U
2025-08-25 15:52:09,895 ERROR Error processing video https://www.youtube.com/watch?v=ckPMC1s9h_U: unsupported operand type(s) for |: 'ImageHash' and 'ImageHash'
2025-08-25 15:52:09,895 INFO Processing video 10/20: https://www.youtube.com/watch?v=W3iDVXSbaDU
2025-08-25 15:52:38,878 ERROR Error processing video https://www.youtube.com/watch?v=W3iDVXSbaDU: unsupported operand type(s) for |: 'ImageHash' and 'ImageHash'
2025-08-25 15:52:38,881 INFO Processing video 11/20: https://www.youtube.com/watch?v=RWJsolvuRwI
2025-08-25 15:52:53,525 INFO Video not brand-related or failed to process
2025-08-25 15:52:53,525 INFO Processing video 12/20: https://www.youtube.com/watch?v=I4381CHWXj4
2025-08-25 15:53:26,553 ERROR Error processing video https://www.youtube.com/watch?v=I4381CHWXj4: unsupported operand type(s) for |: 'ImageHash' and 'ImageHash'
2025-08-25 15:53:26,553 INFO Processing video 13/20: https://www.youtube.com/watch?v=v4mFFRw2n1I
2025-08-25 15:53:40,629 INFO Video not brand-related or failed to process
2025-08-25 15:53:40,629 INFO Processing video 14/20: https://www.youtube.com/watch?v=onLMOvFGHdY
2025-08-25 15:53:52,199 INFO Video not brand-related or failed to process
2025-08-25 15:53:52,199 INFO Processing video 15/20: https://www.youtube.com/watch?v=GVal6pjxPzU
2025-08-25 15:54:06,814 INFO Video not brand-related or failed to process
2025-08-25 15:54:06,814 INFO Processing video 16/20: https://www.youtube.com/watch?v=PEoPwJk-RU8
2025-08-25 15:55:24,509 INFO Video not brand-related or failed to process
2025-08-25 15:55:24,510 INFO Processing video 17/20: https://www.youtube.com/watch?v=0tsvoQuqmys
2025-08-25 15:57:57,254 INFO Video not brand-related or failed to process
2025-08-25 15:57:57,254 INFO Processing video 18/20: https://www.youtube.com/watch?v=F_S4-2WPWlE
2025-08-25 15:58:36,983 ERROR Error processing video https://www.youtube.com/watch?v=F_S4-2WPWlE: unsupported operand type(s) for |: 'ImageHash' and 'ImageHash'
2025-08-25 15:58:36,985 INFO Processing video 19/20: https://www.youtube.com/watch?v=nuPfjN50m0c
2025-08-25 15:58:58,570 INFO Video not brand-related or failed to process
2025-08-25 15:58:58,570 INFO Processing video 20/20: https://www.youtube.com/watch?v=Q1Fc3pewH0s
2025-08-25 15:59:17,581 INFO Video not brand-related or failed to process
2025-08-25 15:59:17,583 INFO Processing completed
2025-08-25 16:10:19,083 INFO Searching for videos related to Ancient Bliss
2025-08-25 16:10:21,165 INFO Found 20 potential videos
2025-08-25 16:10:21,165 INFO Processing video 1/20: https://www.youtube.com/watch?v=Y9IemFXtbgE
2025-08-25 16:10:41,224 INFO Video not brand-related or failed to process
2025-08-25 16:10:41,224 INFO Processing video 2/20: https://www.youtube.com/watch?v=id3mdaazHRI
2025-08-25 16:11:15,259 INFO Video not brand-related or failed to process
2025-08-25 16:11:15,259 INFO Processing video 3/20: https://www.youtube.com/watch?v=TggjRG6JNXY
2025-08-25 16:11:40,387 INFO Video not brand-related or failed to process
2025-08-25 16:11:40,387 INFO Processing video 4/20: https://www.youtube.com/watch?v=-ontfU0bDKY
2025-08-25 16:12:03,536 INFO Video not brand-related or failed to process
2025-08-25 16:12:03,539 INFO Processing video 5/20: https://www.youtube.com/watch?v=8FtPD88h8hk
2025-08-25 16:12:52,923 ERROR Failed to normalize video: data\videos\raw\youtube\8FtPD88h8hk.mp4
2025-08-25 16:12:52,923 INFO Processing video 6/20: https://www.youtube.com/watch?v=OlXJJLiW05c
2025-08-25 16:13:17,891 INFO Video not brand-related or failed to process
2025-08-25 16:13:17,894 INFO Processing video 7/20: https://www.youtube.com/watch?v=-y8uwL_Nt80
2025-08-25 16:13:40,327 INFO Video not brand-related or failed to process
2025-08-25 16:13:40,327 INFO Processing video 8/20: https://www.youtube.com/watch?v=aolpvw3JH1E
2025-08-25 16:14:31,420 ERROR Failed to normalize video: data\videos\raw\youtube\aolpvw3JH1E.mp4
2025-08-25 16:14:31,422 INFO Processing video 9/20: https://www.youtube.com/watch?v=ckPMC1s9h_U
2025-08-25 16:15:17,145 ERROR Failed to normalize video: data\videos\raw\youtube\ckPMC1s9h_U.mp4
2025-08-25 16:15:17,154 INFO Processing video 10/20: https://www.youtube.com/watch?v=W3iDVXSbaDU
2025-08-25 16:16:05,814 ERROR Failed to normalize video: data\videos\raw\youtube\W3iDVXSbaDU.mp4
2025-08-25 16:16:05,814 INFO Processing video 11/20: https://www.youtube.com/watch?v=RWJsolvuRwI
2025-08-25 16:16:27,676 INFO Video not brand-related or failed to process
2025-08-25 16:16:27,689 INFO Processing video 12/20: https://www.youtube.com/watch?v=I4381CHWXj4
2025-08-25 16:17:19,162 ERROR Failed to normalize video: data\videos\raw\youtube\I4381CHWXj4.mp4
2025-08-25 16:17:19,163 INFO Processing video 13/20: https://www.youtube.com/watch?v=v4mFFRw2n1I
2025-08-25 16:17:40,655 INFO Video not brand-related or failed to process
2025-08-25 16:17:40,664 INFO Processing video 14/20: https://www.youtube.com/watch?v=onLMOvFGHdY
2025-08-25 16:18:03,730 INFO Video not brand-related or failed to process
2025-08-25 16:18:03,730 INFO Processing video 15/20: https://www.youtube.com/watch?v=GVal6pjxPzU
2025-08-25 16:18:32,629 INFO Video not brand-related or failed to process
2025-08-25 16:18:32,634 INFO Processing video 16/20: https://www.youtube.com/watch?v=PEoPwJk-RU8
2025-08-25 16:19:29,996 ERROR Failed to normalize video: data\videos\raw\youtube\PEoPwJk-RU8.mp4
2025-08-25 16:19:29,999 INFO Processing video 17/20: https://www.youtube.com/watch?v=0tsvoQuqmys
2025-08-25 16:20:35,850 ERROR Failed to normalize video: data\videos\raw\youtube\0tsvoQuqmys.mp4
2025-08-25 16:20:35,857 INFO Processing video 18/20: https://www.youtube.com/watch?v=F_S4-2WPWlE
2025-08-25 16:21:14,798 ERROR Failed to normalize video: data\videos\raw\youtube\F_S4-2WPWlE.mp4
2025-08-25 16:21:14,798 INFO Processing video 19/20: https://www.youtube.com/watch?v=nuPfjN50m0c
2025-08-25 16:21:34,032 INFO Video not brand-related or failed to process
2025-08-25 16:21:34,037 INFO Processing video 20/20: https://www.youtube.com/watch?v=Q1Fc3pewH0s
2025-08-25 16:21:52,926 INFO Video not brand-related or failed to process
2025-08-25 16:21:52,926 INFO Processing completed
2025-08-25 16:29:44,465 INFO Searching for videos related to Ancient Bliss
2025-08-25 16:29:46,140 INFO Found 20 potential videos
2025-08-25 16:29:46,140 INFO Processing video 1/20: https://www.youtube.com/watch?v=Y9IemFXtbgE
2025-08-25 16:29:57,779 INFO Video not brand-related or failed to process
2025-08-25 16:29:57,779 INFO Processing video 2/20: https://www.youtube.com/watch?v=id3mdaazHRI
2025-08-25 16:30:07,492 INFO Video not brand-related or failed to process
2025-08-25 16:30:07,492 INFO Processing video 3/20: https://www.youtube.com/watch?v=TggjRG6JNXY
2025-08-25 16:30:18,182 INFO Video not brand-related or failed to process
2025-08-25 16:30:18,182 INFO Processing video 4/20: https://www.youtube.com/watch?v=-ontfU0bDKY
2025-08-25 16:30:31,727 INFO Video not brand-related or failed to process
2025-08-25 16:30:31,727 INFO Processing video 5/20: https://www.youtube.com/watch?v=8FtPD88h8hk
2025-08-25 16:32:14,297 ERROR Failed to upload to Drive
2025-08-25 16:32:16,300 INFO Processing video 6/20: https://www.youtube.com/watch?v=OlXJJLiW05c
2025-08-25 16:32:36,886 INFO Video not brand-related or failed to process
2025-08-25 16:32:36,886 INFO Processing video 7/20: https://www.youtube.com/watch?v=-y8uwL_Nt80
2025-08-25 16:32:49,706 INFO Video not brand-related or failed to process
2025-08-25 16:32:49,706 INFO Processing video 8/20: https://www.youtube.com/watch?v=aolpvw3JH1E
2025-08-25 16:34:03,957 ERROR Failed to upload to Drive
2025-08-25 16:34:05,960 INFO Processing video 9/20: https://www.youtube.com/watch?v=ckPMC1s9h_U
2025-08-25 16:36:25,397 ERROR Failed to upload to Drive
2025-08-25 16:36:27,405 INFO Processing video 10/20: https://www.youtube.com/watch?v=W3iDVXSbaDU
2025-08-25 16:37:38,397 INFO Searching for videos related to Ancient Bliss
2025-08-25 16:37:40,117 INFO Found 20 potential videos
2025-08-25 16:37:40,117 INFO Processing video 1/20: https://www.youtube.com/watch?v=Y9IemFXtbgE
2025-08-25 16:37:57,287 INFO Video not brand-related or failed to process
2025-08-25 16:37:57,287 INFO Processing video 2/20: https://www.youtube.com/watch?v=id3mdaazHRI
2025-08-25 16:38:09,313 INFO Video not brand-related or failed to process
2025-08-25 16:38:09,314 INFO Processing video 3/20: https://www.youtube.com/watch?v=TggjRG6JNXY
2025-08-25 16:38:22,942 INFO Video not brand-related or failed to process
2025-08-25 16:38:22,942 INFO Processing video 4/20: https://www.youtube.com/watch?v=ab0FIoWsD6Q
2025-08-25 16:38:34,959 INFO Video not brand-related or failed to process
2025-08-25 16:38:34,959 INFO Processing video 5/20: https://www.youtube.com/watch?v=-ontfU0bDKY
2025-08-25 16:38:49,220 INFO Video not brand-related or failed to process
2025-08-25 16:38:49,220 INFO Processing video 6/20: https://www.youtube.com/watch?v=8FtPD88h8hk
2025-08-25 16:41:43,531 INFO Successfully uploaded to Drive with ID: 120rh9OXDJKA9AxmbkJZR84GHP079ynem
2025-08-25 16:41:45,546 INFO Processing video 7/20: https://www.youtube.com/watch?v=OlXJJLiW05c
2025-08-25 16:42:03,797 INFO Video not brand-related or failed to process
2025-08-25 16:42:03,797 INFO Processing video 8/20: https://www.youtube.com/watch?v=-y8uwL_Nt80
2025-08-25 16:42:27,182 INFO Video not brand-related or failed to process
2025-08-25 16:42:27,182 INFO Processing video 9/20: https://www.youtube.com/watch?v=aolpvw3JH1E
2025-08-25 16:44:27,790 INFO Successfully uploaded to Drive with ID: 1y4snuw7rPynN-IT0hx_BbBkt9wOk74Bl
2025-08-25 16:44:29,800 INFO Processing video 10/20: https://www.youtube.com/watch?v=ckPMC1s9h_U
2025-08-25 16:48:44,191 INFO Successfully uploaded to Drive with ID: 1OUVT035d27aU8Uw85zttTlFOBE1RKeR8
2025-08-25 16:48:46,205 INFO Processing video 11/20: https://www.youtube.com/watch?v=W3iDVXSbaDU
2025-08-25 16:49:42,201 INFO Successfully uploaded to Drive with ID: 1AUeTlKNj9Odo6I17boWyv-p4QlqviDnw
2025-08-25 16:49:44,209 INFO Processing video 12/20: https://www.youtube.com/watch?v=RWJsolvuRwI
2025-08-25 16:49:54,894 INFO Video not brand-related or failed to process
2025-08-25 16:49:54,894 INFO Processing video 13/20: https://www.youtube.com/watch?v=I4381CHWXj4
2025-08-25 16:50:42,670 INFO Successfully uploaded to Drive with ID: 1m_Dw4cECH5wtXVILZXm6_y9fnIHrUpFW
2025-08-25 16:50:44,675 INFO Processing video 14/20: https://www.youtube.com/watch?v=v4mFFRw2n1I
2025-08-25 16:50:55,281 INFO Video not brand-related or failed to process
2025-08-25 16:50:55,281 INFO Processing video 15/20: https://www.youtube.com/watch?v=onLMOvFGHdY
2025-08-25 16:51:07,652 INFO Video not brand-related or failed to process
2025-08-25 16:51:07,652 INFO Processing video 16/20: https://www.youtube.com/watch?v=GVal6pjxPzU
2025-08-25 16:51:19,386 INFO Video not brand-related or failed to process
2025-08-25 16:51:19,386 INFO Processing video 17/20: https://www.youtube.com/watch?v=PEoPwJk-RU8
2025-08-25 16:53:15,082 INFO Successfully uploaded to Drive with ID: 1OGrrCjTKtIrfCUoIxCRBc0-CJl_Lxl78
2025-08-25 16:53:17,094 INFO Processing video 18/20: https://www.youtube.com/watch?v=0tsvoQuqmys
2025-08-25 16:55:51,005 INFO Successfully uploaded to Drive with ID: 1yUDFrDXZP0uLx9XHUH_t1jwO9kp7rCIq
2025-08-25 16:55:53,014 INFO Processing video 19/20: https://www.youtube.com/watch?v=F_S4-2WPWlE
2025-08-25 16:57:56,686 INFO Successfully uploaded to Drive with ID: 1OJP_ogfAfHDovTJM-TXdI6lneZ7J4LLZ
2025-08-25 16:57:58,695 INFO Processing video 20/20: https://www.youtube.com/watch?v=nuPfjN50m0c
2025-08-25 16:58:16,817 INFO Video not brand-related or failed to process
2025-08-25 16:58:16,817 INFO Processing completed
